[   0.00000]Initializin crop ubsys cpuset
[    0.000000] Initializing cgroup subsys cpu
[    0.000000] Initializing cgroup subsys cpuacct
[    0.000000] Linux version 4.4.0-122-generic (buildd@lcy01-amd64-005) (gcc version 5.4.0 20160609 (Ubuntu 5.4.0-6ubuntu1~6.04.9) ) #146-Ubuntu SMP Mon Apr 2315:4:04 UTC 2018 (Ubuntu 4.4.0-122.146-generic 4.117)
    0.0000 Command line: BOO_IGE=/boot/vmlinuz-4.4.0-122-generic root=LABEL=cloudimg-rootfs ro console=tty1 console=ttyS0
[    0.000000] KERNEL supported cpus:
[    0.000000]   Intel GenuineIntel
[    0.000000]   AMD AuthenticAMD
[    0.000000]   Centaur CentaurHals
[    0.000000] x86/fpu: xstate_offst[2]:  576, xstate_sizes[2]:  256
[    0.000000] x86/fpu: Supporting XSAVE feature 0x1: 'x87 floatg point registers'
[    0.000000] x86/fpu: Supporting XSAVE feature 0x02: 'SSE registers'
[    0.000000] x86/fpu: Supporting XSAVE feature 0x04: 'AVX registes'
[   0.000000] x86/fpu: Enabled xstate features 0x7, context size is 832 bytes, usi 'stadard'format.
[    0.000000] x86/fpu: Using 'lazy' FPU cntxtwich.
[  0.00000] e820: BIOS-provided physical RAM map:
[    0.00000]BIS-820: [[me 0000000000000x00000000009fbff] usable
[    0.000000] BIOS-e820: [mem 0x000000000009fc00-0x000000000009ffff] reserved
[    0.000] BIS-20: em 0x00000000000f0000-0x00000000000fffff] reserved
[    0.000000] BIOS-e820: [mem 0x0000000000100000-0x000000001ffefff] usale
[    0.000000] BIOS-e820: [mem 0x000000001f0000-0x000000001fffffff] ACPI data
[    0.00000BIOS-e82: me 0x000000ec000000x00000000fec00fff] reserved
[    0.000000] BIOS-e820: [mem 0x00000000fee0000-x000000fe0fff] reserved
[    0.000000]BIS-e82: [mem 0x0000000fffc0000-0x00000000ffffffff] reserved
[   .000000] NX (Execute Disabl potecon actve
[   0.000000] SMBIOS 2.5 present.
[    0.000000] Hypervis dtecte: M
[   .00000]820 laspf = 0x1fff0 max_achfn = 0x00000000
[    0.000000] MTRR: isbled
[   .00000] x86/PA MRRs disabld,kipinPA initialzation to.
[    0.000000] CPU MTRRs all blank - virtualized system.
[    0.000000] 86/PAT: Configurio [0-7]: WB  T UC- UC  WB  WT  UC- UC  
[    0.000000] fond SMP MP-table at [mem 0x0009fff0-0x0009ffff] mapped at [ffff88000009fff0]
[    0.000000] Scanning 1 areas for low mory corruption
[    0.000000] RAMDISK: [mem 0x1ecc0000-0x1f76bff
    0.000000] ACPI: Early table checksum verification disbld
[  .00000]ACP: RSDP 000000000E00000024 (v02 VBOX  )
[    0.000000] ACPI: XSDT 0x00000001FF0030 00003C(v1 BOX   BOXXSDT 00000001 ASL  00000061)
[    0.000000] ACPI: FACP 0x000000001FFF00F0 0000F4 (v04 VBOX   VBOXFACP 00000001 ASL  00000061)[   .00000] ACPI: DSDT 0x000000001FFF0470 0021FF (v02 VBOX   VBOXBIOS 00000002 INTL 20100528)
[    00000] ACPI FCS x000000FFF00 0040
[   .0000]CPI:FACS 0000001FF020 0040
    0.000000ACI: APC 0000000FF240 005C(v2 OX  VBOXPI0000000 AL  00000061)
[    0.000000] ACPI: SSDT 0x000001FFFA0 0001CC (v01 VBOX   VBOXCPUT0000002 INTL 20100528)
[    0.000000] No NUMAconfiguration found
[    0.000000] Faking a node a [em 0x00000000000000-0x000000001ffeffff]
[    0.000000] NODE_DATA(0) allocaed [mem 0x1ffeb000-0x1ffeffff]
[    0.000000] kvm-clock: Using msrs 4b564d01 and 4b564d00
[    0.000000] kvm-clock: cpu 0, msr 0:1ffe301, primary u clk
[    000000] kvm-clock: using sced offetof428764967 cycles
[    0.000000] clocksource: kvm-cloc: mask: 0xffffffffffffffff max_cyces: x1cd42e4dffb, max_idle_ns: 881590591483 ns
[    0.000000] Zone ranges:
[    0.000000   DMA      [mem 0x0000000000001000-0x0000000000ffffff]
[    0.000000]   DMA32    [mem 0x000000001000000-0x00000001ffeffff]
[    0.00000]   Normal   empty
[   .00000] Devic  mpty
[   0.000000] Movable one sta fr echnode
[    0.000000] Early memory node ranges
[    0.000000]   node   0: [mem 0x0000000000001000-0x00000000009efff
   0.0000]  no  0:me0x0000000000000-0x000001ffeff]
[   0.0000] Initmem setup node 0 [mem 0x000000000000100-0x000000001ffeffff]
[   0.00000] ACPI: PM-Timer IO Port: 0x4008
[    0.000000] IOAPIC[0]: apic_id 2, version 32, address 0xfec00000, GSI 0-23
[    0.000000] ACPI: INT_SRC_O (us0 usrq 0 global_irq 2 dfl dfl)
[    0.000000] ACPI: INT_SRC_OVR (bus 0 bus_irq 9 global_irq 9 low level)

[   .00000]sig ACPI (AD) or SMP onigration inrmtion
[    .000000] smpboot: Allowing 2 CPUs, 0 otplug CUs
[    0.000000] PM: Registered nosave mmemory: [mem 0x00000000-0x00000fff]
[    0.000000] PM: Registered nosave memory: [mem 0x0009f000-0x0009ffff]
[    0.000000] PM: Registered nosavemeory: [mem 0x000a0000-0x000effff]
[    0.000000] PM: Registered nosave memory: [mem 0x000f000-0x000fffff]
[    0.000000] e820: [eem 0x20000000-0xfebfffff] available for PCI dvices
[    0.000000] Boting paravirtualized kernel on KVM
[    0.000000] clocksource: refined-jiffies: mask: 0xffffffff max_cycles:0xfffffff,ma_idles: 76455196002168ns
[   .00000]etp_rcp: NR_CPUS:512 nr_cpumask_bi:52 nr_puid:2 nr_noe_s:1[   0.0000] PERCPU Embede 3 pages/cpu @ffff88001fc0000s9954r819231528 u04857
[    0.000000] PV qspinlock hash tabl eries:256 (rdr:0, 406 yts)[   0.0000] But  zoniss in Ne rdermoilityroping on.  Total pages: 128888
[    0.000000] Policy zone: DMA32
[    0.000000] Kernel command lin: OO_IMAG=/ot/vliuz4.4.022-geer root=BE=cludg-roofs ro console=tty1 console=ttS0
[    0.000000] PID hash table entries: 2048 (order: 2, 16384 bytes)
[    0.000000] Memory: 485516K/523832K available (8532K kernel code, 1313K rwdata, 3996K rodata, 1508K init, 1316K bss, 38316K reserved, 0K cma-reserved)
[    0.000000] SLUB: HWalign=64, Order0-, MinOjecs=, PUs=2, Nodes=1
[    0.000000] Kernel/User page tables isolatin:nabled
[    0.00000]ierachialRCUimementti.
[   .00000] 	Build-time adjustment of leaf fanout to 64.
[    0.000000] 	RCU restricting CPUs from NR_CPUS=512 to nr_cpu_ids=2.
[   0.0000 RCU Ajuting gemeryfor rcu_fanout_lf=64, nr_cp_ids=2
[    0.000000] NR_IRQS:33024 nr_irqs40 16
[   0.000000] Conol: olouVG+ x2
[   0000000] console [tty1] enabled
[    0.000000] console [ttyS0] nabled
[  0000000] tsc: Detected 2700.000 MHz processor
[   12.043406] Calibrating delay loop (skipped) preset value.. 5400.00 BogoMIPS (lpj=10800000)
[   12.105571] pid_max: default: 32768 minimum: 301
[   12.111361] ACPI: Core revision 20150930
[   12.124789] ACPI: 2 ACPI AML tables successfully acquired and loaded
[   12.219440] Security Framework initialized
[   12.277738] Yama: becoming mindful.
[   12.318394] AppArmor: AppArmor initialized
[   12.359584] Dentry cache hash table entries: 65536 (order: 7, 524288 bytes)
[   12.405729] Inode-cache hash table entries: 32768 (order: 6, 262144 bytes)
[   12.450229] Mount-cache hash table entries: 1024 (order: 1, 8192 bytes)
[   12.513641] Mountpoint-cache hash table entries: 1024 (order: 1, 8192 bytes)
[   12.578436] Initializing cgroup subsys io
[   12.660989] Initializing cgroup subsys memory
[   12.691970] Initializing cgroup subsys devices
[   12.695202] Initializing cgroup subsys freezer
[   12.727927] Initializing cgroup subsys net_cls
[   12.785132] Initializing cgroup subsys perf_event
[   12.849586] Initializing cgroup subsys net_prio
[   12.910115] Initializing cgroup subsys hugetlb
[   12.911813] Initializing cgroup subsys pids
[   12.923990] CPU: Physical Processor ID: 0
[   12.947680] CPU: Processor Core ID: 0
[   12.958267] FEATURE SPEC_CTRL Not Present
[   12.974488] mce: CPU supports 0 MCE banks
[   12.981953] Last level iTLB entries: 4KB 64, 2MB 8, 4MB 8
[   12.994466] Last level dTLB entries: 4KB 64, 2MB 0, 4MB 0, 1GB 4
[   13.046818] Spectre V2 mitigation: Mitigation: Full generic retpoline
[   13.087709] Spectre V2 mitigation: Speculation control IBPB not-supported IBRS not-supported
[   13.115150] Freeing SMP alternatives memory: 32K
[   13.162109] ftrace: allocating 32202 entries in 126 pages
[   13.235938] smpboot: APIC(0) Converting physical 0 to logical package 0
[   13.318208] smpboot: Max logical packages: 1
[   13.342298] x2apic enabled
[   13.358217] Switched APIC routing to physical x2apic.
[   13.425704] ..TIMER: vector=0x30 apic1=0 pin1=2 apic2=-1 pin2=-1
[   13.564872] smpboot: CPU0: Intel(R) Core(TM) i5-5257U CPU @ 2.70GHz (family: 0x6, model: 0x3d, stepping: 0x4)
[   13.653460] Performance Events: unsupported p6 CPU model 61 no PMU driver, software events only.
[   13.692305] KVM setup paravirtual spinlock
[   13.736295] x86: Booting SMP configuration:
[   13.746862] .... node  #0, CPUs:      #1
[   13.781715] kvm-clock: cpu 1, msr 0:1ffe3041, secondary cpu clock
[   13.825640] mce: CPU supports 0 MCE banks
[   13.841666] x86: Booted up 1 node, 2 CPUs
[   13.899498] smpboot: Total of 2 processors activated (10800.00 BogoMIPS)
[   13.946015] devtmpfs: initialized
[   13.972340] evm: security.selinux
[   13.990693] evm: security.SMACK64
[   14.011938] evm: security.SMACK64EXEC
[   14.030098] evm: security.SMACK64TRANSMUTE
[   14.065955] evm: security.SMACK64MMAP
[   14.106840] evm: security.ima
[   14.152421] evm: security.capability
[   14.209858] clocksource: jiffies: mask: 0xffffffff max_cycles: 0xffffffff, max_idle_ns: 7645041785100000 ns
[   14.295207] futex hash table entries: 512 (order: 3, 32768 bytes)
[   14.358577] pinctrl core: initialized pinctrl subsystem
[   14.376845] RTC time: 17:10:00, date: 05/10/18
[   14.394220] NET: Registered protocol family 16
[   14.414156] cpuidle: using governor ladder
[   14.454075] cpuidle: using governor menu
[   14.483868] PCCT header not found.
[   14.512953] ACPI: bus type PCI registered
[   14.556956] acpiphp: ACPI Hot Plug PCI Controller Driver version: 0.5
[   14.591923] PCI: Using configuration type 1 for base access
[   14.643370] ACPI: Added _OSI(Module Device)
[   14.662382] ACPI: Added _OSI(Processor Device)
[   14.698527] ACPI: Added _OSI(3.0 _SCP Extensions)
[   14.744750] ACPI: Added _OSI(Processor Aggregator Device)
[   14.777589] ACPI: Executed 1 blocks of module-level executable AML code
[   14.798818] ACPI: Interpreter enabled
[   14.829811] ACPI: (supports S0 S5)
[   14.846402] ACPI: Using IOAPIC for interrupt routing
[   14.892690] PCI: Using host bridge windows from ACPI; if necessary, use "pci=nocrs" and report a bug
[   14.981038] ACPI: PCI Root Bridge [PCI0] (domain 0000 [bus 00-ff])
[   15.008234] acpi PNP0A03:00: _OSC: OS supports [ASPM ClockPM Segments MSI]
[   15.047161] acpi PNP0A03:00: _OSC: not requesting OS control; OS requires [ExtendedConfig ASPM ClockPM MSI]
[   15.130459] acpi PNP0A03:00: fail to add MMCONFIG information, can't access extended PCI configuration space under this bridge.
[   15.179000] PCI host bridge to bus 0000:00
[   15.220335] pci_bus 0000:00: root bus resource [io  0x0000-0x0cf7 window]
[   15.232560] pci_bus 0000:00: root bus resource [io  0x0d00-0xffff window]
[   15.250067] pci_bus 0000:00: root bus resource [mem 0x000a0000-0x000bffff window]
[   15.280521] pci_bus 0000:00: root bus resource [mem 0x20000000-0xfdffffff window]
[   15.295038] pci_bus 0000:00: root bus resource [bus 00-ff]
[   15.306257] pci 0000:00:01.1: legacy IDE quirk: reg 0x10: [io  0x01f0-0x01f7]
[   15.312442] pci 0000:00:01.1: legacy IDE quirk: reg 0x14: [io  0x03f6]
[   15.316546] pci 0000:00:01.1: legacy IDE quirk: reg 0x18: [io  0x0170-0x0177]
[   15.361214] pci 0000:00:01.1: legacy IDE quirk: reg 0x1c: [io  0x0376]
[   15.420184] pci 0000:00:07.0: quirk: [io  0x4000-0x403f] claimed by PIIX4 ACPI
[   15.450689] pci 0000:00:07.0: quirk: [io  0x4100-0x410f] claimed by PIIX4 SMB
[   15.479431] ACPI: PCI Interrupt Link [LNKA] (IRQs 5 9 10 *11)
[   15.520025] ACPI: PCI Interrupt Link [LNKB] (IRQs 5 9 *10 11)
[   15.545340] ACPI: PCI Interrupt Link [LNKC] (IRQs 5 *9 10 11)
[   15.570173] ACPI: PCI Interrupt Link [LNKD] (IRQs 5 9 10 *11)
[   15.594112] ACPI: Enabled 2 GPEs in block 00 to 07
[   15.614924] vgaarb: setting as boot device: PCI:0000:00:02.0
[   15.636229] vgaarb: device added: PCI:0000:00:02.0,decodes=io+mem,owns=io+mem,locks=none
[   15.665248] vgaarb: loaded
[   15.678305] vgaarb: bridge control possible 0000:00:02.0
[   15.680549] SCSI subsystem initialized
[   15.703576] ACPI: bus type USB registered
[   15.722932] usbcore: registered new interface driver usbfs
[   15.750640] usbcore: registered new interface driver hub
[   15.809499] usbcore: registered new device driver usb
[   15.830603] PCI: Using ACPI for IRQ routing
[   15.864973] NetLabel: Initializing
[   15.895169] NetLabel:  domain hash size = 128
[   15.912567] NetLabel:  protocols = UNLABELED CIPSOv4
[   15.923761] NetLabel:  unlabeled traffic allowed by default
[   15.963376] amd_nb: Cannot enumerate AMD northbridges
[   16.026233] clocksource: Switched to clocksource kvm-clock
[   105870 AArr:ppmoFiesteEnled
[  166957 p: P CP iit
[ 1706267] p: P ACPI: found  dices

[   17.413385] clocksource: acpi_pm: mask: 0xffffff max_cycles: 0xffffff, max_idle_ns: 2085701024 ns
[   17.435766] NET: Registered protocol family 2
[   17.467008] TCP established hash table entries: 4096 (order: 3, 32768 bytes)
[   17.546784] TCP bind hash table entries: 4096 (order: 4, 65536 bytes)
[   17.567620] TCP: Hash tables configured (established 4096 bind 4096)
[   17.597267] UDP hash table entries: 256 (order: 1, 8192 bytes)
[   17.624252] UDP-Lite hash table entries: 256 (order: 1, 8192 bytes)
[   17.716550] NET: Registered protocol family 1
[   17.769004] pci 0000:00:00.0: Limiting direct PCI/PCI transfers
[   17.799689] pci 0000:00:01.0: Activating ISA DMA hang workarounds
[   17.817737] Unpacking initramfs...
[ 200648 Feig it mor: 09K
[   20.648049] RAPL PMU detected, API unit is 2^-32 Joules, 4 fixed counters 10737418240 ms ovfl timer
[   20.674921] hw unit of domain pp0-core 2^-0 Joules
[   20.712468] hw unit of domain package 2^-0 Joules
[   20.771776] hw unit of domain dram 2^-0 Joules
[   20.802046] hw unit of domain pp1-gpu 2^-0 Joules
[   20.839291] platform rtc_cmos: registered platform RTC device (no PNP device found)
[   20.870226] Scanning for low memory corruption every 60 seconds
[   20.902021] audit: initializing netlink subsys (disabled)
[   20.917614] audit: type=2000 audit(1525972197.753:1): initialized
[   20.934753] Initialise system trusted keyring
[   20.956720] HugeTLB registered 2 MB page size, pre-allocated 0 pages
[   21.016173] zbud: loaded
[   21.019914] VFS: Disk quotas dquot_6.6.0
[   21.028993] VFS: Dquot-cache hash table entries: 512 (order 0, 4096 bytes)
[   21.033455] squashfs: version 4.0 (2009/01/31) Phillip Lougher
[   21.062948] fuse init (API version 7.23)
[   21.068896] Key type big_key registered
[   21.087040] Allocating IMA MOK and blacklist keyrings.
[   21.113461] Key type asymmetric registered
[   21.146240] Asymmetric key parser 'x509' registered
[   21.183302] Block layer SCSI generic (bsg) driver version 0.4 loaded (major 249)
[   21.226739] io scheduler noop registered
[   21.274444] io scheduler deadline registered (default)
[   21.329963] io scheduler cfq registered
[   21.387879] pci_hotplug: PCI Hot Plug PCI Core version: 0.5
[   21.404516] pciehp: PCI Express Hot Plug Controller Driver version: 0.4
[   21.432832] ACPI: AC Adapter [AC] (off-line)
[   21.448308] input: Power Button as /devices/LNXSYSTM:00/LNXPWRBN:00/input/input0
[   21.464370] ACPI: Power Button [PWRF]
[   21.468652] input: Sleep Button as /devices/LNXSYSTM:00/LNXSLPBN:00/input/input1
[   21.484843] ACPI: Sleep Button [SLPF]
[   21.490057] GHES: HEST is not enabled!
[   21.492358] ACPI: Battery Slot [BAT0] (battery present)
[   21.565416] Serial: 8250/16550 driver, 32 ports, IRQ sharing enabled
[   21.593649] 00:02: ttyS0 at I/O 0x3f8 (irq = 4, base_baud = 115200) is a 16550A
[   21.617881] Linux agpgart interface v0.103
[   21.635610] loop: module loaded
[   21.683974] scsi host0: ata_piix
[   21.713548] scsi host1: ata_piix
[   21.716711] ata1: PATA max UDMA/33 cmd 0x1f0 ctl 0x3f6 bmdma 0xd000 irq 14
[   21.721340] ata2: PATA max UDMA/33 cmd 0x170 ctl 0x376 bmdma 0xd008 irq 15
[   21.744837] libphy: Fixed MDIO Bus: probed
[   21.781168] tun: Universal TUN/TAP device driver, 1.6
[   21.784606] tun: (C) 1999-2004 Max Krasnyansky <maxk@qualcomm.com>
[   21.806198] PPP generic driver version 2.4.2
[   21.816916] ehci_hcd: USB 2.0 'Enhanced' Host Controller (EHCI) Driver
[   21.834091] ehci-pci: EHCI PCI platform driver
[   21.848139] tsc: Refined TSC clocksource calibration: 2698.737 MHz
[   21.863780] clocksource: tsc: mask: 0xffffffffffffffff max_cycles: 0x26e6951896c, max_idle_ns: 440795219352 ns
[   21.863883] ehci-platform: EHCI generic platform driver
[   21.863910] ohci_hcd: USB 1.1 'Open' Host Controller (OHCI) Driver
[   21.863925] ohci-pci: OHCI PCI platform driver
[   21.863944] ohci-platform: OHCI generic platform driver
[   21.863960] uhci_hcd: USB Universal Host Controller Interface driver
[   21.864056] i8042: PNP: PS/2 Controller [PNP0303:PS2K,PNP0f03:PS2M] at 0x60,0x64 irq 1,12
[   21.864621] serio: i8042 KBD port at 0x60,0x64 irq 1
[   21.864628] serio: i8042 AUX port at 0x60,0x64 irq 12
[   21.942978] mousedev: PS/2 mouse device common for all mice
[   21.944291] input: AT Translated Set 2 keyboard as /devices/platform/i8042/serio0/input/input2
[   21.944764] rtc_cmos rtc_cmos: rtc core: registered rtc_cmos as rtc0
[   21.944827] rtc_cmos rtc_cmos: alarms up to one day, 114 bytes nvram
[   21.944836] i2c /dev entries driver
[   21.944897] device-mapper: uevent: version 1.0.3
[   21.944953] device-mapper: ioctl: 4.34.0-ioctl (2015-10-28) initialised: dm-devel@redhat.com
[   21.944968] ledtrig-cpu: registered to indicate activity on CPUs
[   21.945244] NET: Registered protocol family 10
[   21.945505] NET: Registered protocol family 17
[   21.945516] Key type dns_resolver registered
[   21.945760] registered taskstats version 1
[   21.945776] Loading compiled-in X.509 certificates
[   21.946437] Loaded X.509 cert 'Build time autogenerated kernel key: eb3f78ccfd14bc84ef58e051a28e8b7731c2f6e2'
[   21.946470] zswap: loaded using pool lzo/zbud
[   21.948401] Key type trusted registered
[   21.951528] Key type encrypted registered
[   21.951537] AppArmor: AppArmor sha1 policy hashing enabled
[   21.951541] ima: No TPM chip found, activating TPM-bypass!
[   21.951566] evm: HMAC attrs: 0x1
[   21.952075]   Magic number: 2:165:188
[   21.961108] rtc_cmos rtc_cmos: setting system clock to 2018-05-10 17:10:08 UTC (1525972208)
[   21.961241] BIOS EDD facility v0.16 2004-Jun-25, 0 devices found
[   21.961242] EDD information not available.
[   22.667557] Freeing unused kernel memory: 1508K
[   23.333636] Write protecting the kernel read-only data: 14336k
[   23.703605] Freeing unused kernel memory: 1696K
[   23.716636] Freeing unused kernel memory: 100K
Loading, please wait...
starting version[   23.766745] random: systemd-udevd: uninitialized urandom read (16 bytes read, 7 bits of entropy available)
 229
[   23.769263] random: udevadm: uninitialized urandom read (16 bytes read, 7 bits of entropy available)
[   23.769294] random: udevadm: uninitialized urandom read (16 bytes read, 7 bits of entropy available)
[   23.784280] random: udevadm: uninitialized urandom read (16 bytes read, 7 bits of entropy available)
[   23.784345] random: udevadm: uninitialized urandom read (16 bytes read, 7 bits of entropy available)
[   23.784563] random: udevadm: uninitialized urandom read (16 bytes read, 7 bits of entropy available)
[   23.784650] random: udevadm: uninitialized urandom read (16 bytes read, 7 bits of entropy available)
[   23.784731] random: udevadm: uninitialized urandom read (16 bytes read, 7 bits of entropy available)
[   23.784813] random: udevadm: uninitialized urandom read (16 bytes read, 7 bits of entropy available)
[   23.784895] random: udevadm: uninitialized urandom read (16 bytes read, 7 bits of entropy available)
[   24.393227] e1000: Intel(R) PRO/1000 Network Driver - version 7.3.21-k8-NAPI
[   24.487532] e1000: Copyright (c) 1999-2006 Intel Corporation.
[   24.531217] Fusion MPT base driver 3.04.20
[   24.559055] Copyright (c) 1999-2008 LSI Corporation
[   24.595481] AVX2 version of gcm_enc/dec engaged.
[   24.604078] AES CTR mode by8 optimization enabled
[   24.629395] Fusion MPT SPI Host driver 3.04.20
[   24.732776] input: ImExPS/2 Generic Explorer Mouse as /devices/platform/i8042/serio1/input/input4
[   25.128785] e1000 0000:00:03.0 eth0: (PCI:33MHz:32-bit) 02:24:97:69:54:5f
[   25.188557] e1000 0000:00:03.0 eth0: Intel(R) PRO/1000 Network Connection
[   25.717911] e1000 0000:00:08.0 eth1: (PCI:33MHz:32-bit) 08:00:27:69:ce:4f
[   25.773201] e1000 0000:00:08.0 eth1: Intel(R) PRO/1000 Network Connection
[   25.834614] e1000 0000:00:03.0 enp0s3: renamed from eth0
[   25.862944] mptbase: ioc0: Initiating bringup
[   25.914913] e1000 0000:00:08.0 enp0s8: renamed from eth1
[   25.938956] ioc0: LSI53C1030 A0: Capabilities={Initiator}
[   26.615236] scsi host2: ioc0: LSI53C1030 A0, FwRev=00000000h, Ports=1, MaxQ=256, IRQ=20
[   28.167125] scsi 2:0:0:0: Direct-Access     VBOX     HARDDISK         1.0  PQ: 0 ANSI: 5
[   28.612981] scsi target2:0:0: Beginning Domain Validation
[   28.645588] scsi target2:0:0: Domain Validation skipping write tests
[   28.671655] scsi target2:0:0: Ending Domain Validation
[   28.707318] scsi target2:0:0: asynchronous
[   28.717050] scsi 2:0:1:0: Direct-Access     VBOX     HARDDISK         1.0  PQ: 0 ANSI: 5
[   29.600276] scsi target2:0:1: Beginning Domain Validation
[   29.611683] scsi target2:0:1: Domain Validation skipping write tests
[   30.620772] scsi target2:0:1: Ending Domain Validation
[   30.692870] scsi target2:0:1: asynchronous
[   30.740695] sd 2:0:0:0: [sda] 20971520 512-byte logical blocks: (10.7 GB/10.0 GiB)
[   30.740861] sd 2:0:0:0: Attached scsi generic sg0 type 0
[   30.801364] sd 2:0:1:0: Attached scsi generic sg1 type 0
[   30.801756] sd 2:0:1:0: [sdb] 20480 512-byte logical blocks: (10.5 MB/10.0 MiB)
[   30.802207] sd 2:0:1:0: [sdb] Write Protect is off
[   30.802532] sd 2:0:1:0: [sdb] Incomplete mode parameter data
[   30.802534] sd 2:0:1:0: [sdb] Assuming drive cache: write through
[   30.808019] sd 2:0:1:0: [sdb] Attached SCSI disk
[   30.990413] sd 2:0:0:0: [sda] Write Protect is off
[   31.025870] sd 2:0:0:0: [sda] Incomplete mode parameter data
[   31.036805] sd 2:0:0:0: [sda] Assuming drive cache: write through
[   31.060471]  sda: sda1
[   31.080358] sd 2:0:0:0: [sda] Attached SCSI disk
Begin: Loading e[   32.484495] md: linear personality registered for level -1
ssential drivers[   32.543575] md: multipath personality registered for level -4
 ... [   32.574364] md: raid0 personality registered for level 0
[   32.606858] md: raid1 personality registered for level 1
[   32.714563] raid6: sse2x1   gen()  8594 MB/s
[   32.810347] raid6: sse2x1   xor()  6770 MB/s
[   32.898790] raid6: sse2x2   gen() 10564 MB/s
[   32.982512] raid6: sse2x2   xor()  3003 MB/s
[   33.086527] raid6: sse2x4   gen()  7666 MB/s
[   33.186578] raid6: sse2x4   xor()  8032 MB/s
[   33.266514] raid6: avx2x1   gen() 12952 MB/s
[   33.356360] raid6: avx2x2   gen() 19343 MB/s
[   33.434417] raid6: avx2x4   gen() 20770 MB/s
[   33.476252] raid6: using algorithm avx2x4 gen() 20770 MB/s
[   33.488219] raid6: using avx2x2 recovery algorithm
[   33.557280] xor: automatically using best checksumming function:
[   33.622768]    avx       : 33367.000 MB/sec
[   33.641370] async_tx: api initialized (async)
[   33.656681] md: raid6 personality registered for level 6
[   33.667860] md: raid5 personality registered for level 5
[   33.676145] md: raid4 personality registered for level 4
[   33.725059] md: raid10 personality registered for level 10
done.
Begin: Running /scripts/init-premount ... done.[   33.772067] Btrfs loaded

Begin: Mounting root file system ... Begin: Running /scripts/local-top ... done.
Begin: Running /scripts/local-premount ... Scanning for Btrfs filesystems
done.
Warning: fsck no[   33.856255] EXT4-fs (sda1): INFO: recovery required on readonly filesystem
t present, so sk[   33.879939] EXT4-fs (sda1): write access will be enabled during recovery
ipping root file system
[   34.173659] EXT4-fs (sda1): recovery complete
[   34.857233] EXT4-fs (sda1): mounted filesystem with ordered data mode. Opts: (null)
done.
Begin: Running /scripts/local-bottom ... done.
Begin: Running /scripts/init-bottom ... done.
[   36.826090] systemd[1]: systemd 229 running in system mode. (+PAM +AUDIT +SELINUX +IMA +APPARMOR +SMACK +SYSVINIT +UTMP +LIBCRYPTSETUP +GCRYPT +GNUTLS +ACL +XZ -LZ4 +SECCOMP +BLKID +ELFUTILS +KMOD -IDN)
[   36.913328] systemd[1]: Detected virtualization oracle.
[   36.938876] systemd[1]: Detected architecture x86-64.
[   36.966106] random: nonblocking pool is initialized

Welcome to [1mUbuntu 16.04.4 LTS[0m!

[  3.003768] systemd[1]: Set hostname to <ubuntu-xenial.
[   37.462786] systemd[1]: Reached target Encrypted Volumes.
[[0;32m  OK  [0m] Reached target Encrypted Volumes.
[ 37518879] systemd[1]: Listening on LVM2 poll daemon socket.
[[0;32m  OK  [0m] Listening on LVM2 poll daemon socket.
[   37.693583] systemd[1]: Listening on udev Control Socket.
[[0;32m  OK  [0m] Listening on udev Control Socket.
[ 37.7667] ystemd[1]: Listening on Journal Auit Socket.

[[0;32m  OK  [0m] Listening on Journal Audit Socket.
[ 377843] systemd[1]: Lsting on /dev/initctl Compatibility Named Pe.
[[0;32m  OK  [0m] Listening on /dev/initctl Compatibility Named Pipe.
[   38.379196] systemd[1]: Started Trigger resolvconf update for networkd DNS.
[[0;32m  OK  [0m] Started Trigger resolvconf update for networkd DNS.
[   38.398997] systemd[1]: Listening on udev Kernel Socket.
[[0;32m  OK  [0m] Listening on udev Kernel Socket.
[   38.467193] systemd[1]: Reached target Swap.
[[0;32m  OK  [0m] Reached target Swap.
[   38.509689] systemd[1]: Created slice System Slice.
[[0;32m  OK  [0m] Created slice System Slice.
[  38.591036] systemd[1: Litein oLVM2 metadata daemon socket.

[[0;32m  OK  [0m] Listening on LVM2 metadata daemon socket.
[  38.87572] ysem[1]: Listening n evice-mapperevent daemon FIFOs.
[[0;32m  OK  [0m] Listening on Device-mapper event daemon FIFOs.
[   39.138087] systemd[1]: Reached target System Time Synchronized.
[[0;32m  OK  [0m] Reached target System Time Synchronized.
[ 391833] sytem[1 Cat slice system-postgresql.slice.
[[0;32m  OK  [0m] Created slice system-postgresql.slice.
[  39.57410] systemd[1]: eachedarget User and Group Name Lookups.

[[0;32m  OK  [0m] Reached target User and Group Name Lookups.
[ 39320]ystemd[1]: Started Forward Password Requests to Wall Directory Watch.
[[0;32m  OK  [0m] Started Forward Password Requests to Wall Directory Watch.
[   40.124106] systemd[1]: Set up automount Arbiray xeutle File Formats File Sstem Automount Point.

[[0;32m  OK  [0m] Set up automount Arbitrary Executab...ats File System Automount Point.
[ 403260] ysem1]Litening on SylogSoket
[[0;32m  OK  [0m] Listening on Syslog Socket.
[   40.799665] systemd[1]: Created slice User and Session Slice.
[[0;32m  OK  [0m] Created slice User and Session Slice.
[   40.240]ysmd]: Rech tge Sce.
[[0;32m  OK  [0m] Reached target Slices.
[ 41822] systemd[]: Listening on Journal Socket.
[[0;32m  OK  [0m] Listening on Journal Socket.
[   41.731056] systemd[1]: Starting Create list of required static device nodes for the current kernel...
         Starting Create list of required st... nodes for the current kernel...
[   41.874443] systemd[1]: Mounting Debug File System...
         Mounting Debug File System...
[   41.972916] systemd[1]: Mounting POSIX Message Queue File System...
         Mounting POSIX Message Queue File System...
[   42.023099] systemd[1]: Starting Uncomplicated firewall...
         Starting Uncomplicated firewall...
[   42.183163] systemd[1]: Mounting Huge Pages File System...
         Mounting Huge Pages File System...
[   42.275248] systemd[1]: Starting Remount Root and Kernel File Systems...
         [   42.317261] EXT4-fs (sda1): re-mounted. Opts: (null)
Starting Remount Root and Kernel File Systems...
[   42.379465] systemd[1]: Starting Set console keymap...
         Starting Set console keymap...
[   42.471945] systemd[1]: Starting Nameserver information manager...
         Starting Nameserver information manager...
[   42.570972] systemd[1]: Starting Load Kernel Modules...
         Starting Load Kernel Modules...[   42.606025] Loading iSCSI transport class v2.0-870.

[   42.44561]sytem[1 Ceaedlie sst-sril\22dgetty.slice.
[[0;32m  OK  [0m] Created slice sy[   43.124223] iscsi: registered transport (tcp)
stem-serial\x2dgetty.slice.
[   43.211121] systemd[1]: Listening on Journal Socket (/dev/log).
[[0;32m  OK  [0m] Listening on Journal Socket ([   43.266347] iscsi: registered transport (iser)
/dev/log).
[   43.310956] systemd[1]: Starting Journal Service...
         Starting Journal Service...
[   43.384652] systemd[1]: Starting Monitoring of LVM2 mirrors, snapshots etc. using dmeventd or progress polling...
         Starting Monitoring of LVM2 mirrors... dmeventd or progress polling...
[ 43.74127] system[1]: Mouned POX essage Queue File System.

[[0;32m  OK  [0m] Mounted POSIX Message Queue File System.
[ 438022 systemd[1]: Mounted Huge Pages File System.
[[0;32m  OK  [0m] Mounted Huge Pages File System.
[  49605 systemd[1]: Mountedebg Fe ysem.
[[0;32m  OK  [0m] Mounted Debug File System.
[   44.367073] systemd[1]: Started Journal Service.
[[0;32m  OK  [0m] Started Journal Service.
[[0;32m  OK  [0m] Started Create list of required sta...ce nodes for the current kernel.
[[0;32m  OK  [0m] Started Uncomplicated firewall.
[[0;32m  OK  [0m] Started Remount Root and Kernel File Systems.
[[0;32m  OK  [0m] Started Set console keymap.
[[0;32m  OK  [0m] Started Load Kernel Modules.
[[0;32m  OK  [0m] Started Nameserver information manager.
[[0;32m  OK  [0m] Started LVM2 metadata daemon.
         Mounting FUSE Control File System...
         Starting Apply Kernel Variables...
         Starting Load/Save Random Seed...
         Starting udev Coldplug all Devices...
         Starting Initial cloud-init job (pre-networking)...
         Starting Create Static Device Nodes in /dev...
         Starting Flush Journal to Persistent Storage...
[[0;32m  OK  [0m] Mounted FUSE Control File System.
[[0;32m  OK  [0m] Started Apply Kernel Variables.
[[0;32m  OK  [0m] Started Load/Save Random Seed.
[[0;32m  OK  [0m] Started Create Static Device Nodes in /dev.
[[0;32m  OK  [0m] Started udev Coldplug all Devices.
[[0;32m  OK  [0m] Started Monitoring of LVM2 mirrors,...ng dmeventd or progress polling.
[[0;32m  OK  [0m] Started Flush Journal to Persistent Storage.
         Starting udev Kernel Device Manager...
[[0;32m  OK  [0m] Started udev Kernel Device Manager.
[[0;32m  OK  [0m] Started Dispatch Password Requests to Console Directory Watch.
[[0;32m  OK  [0m] Reached target Local File Systems (Pre).
[[0;32m  OK  [0m] Reached target Local File Systems.
         Starting Set console font and keymap...
         Starting Tell Plymouth To Write Out Runtime Data...
         Starting LSB: AppArmor initialization...
         Starting Create Volatile Files and Directories...
[[0;32m  OK  [0m] Started Tell Plymouth To Write Out Runtime Data.
[[0;32m  OK  [0m] Started Create Volatile Files and Directories.
[[0;32m  OK  [0m] Found device /dev/ttyS0.
         Starting Update UTMP about System Boot/Shutdown...
[[0;32m  OK  [0m] Started LSB: AppArmor initialization.
[[0;32m  OK  [0m] Started Update UTMP about System Boot/Shutdown.
[[0;32m  OK  [0m] Started Set console font and keymap.
[[0;32m  OK  [0m] Created slice system-getty.slice.
[[0;32m  OK  [0m] Found device 82540EM Gigabit Ethern...r (PRO/1000 MT Desktop Adapter).
[[0;32m  OK  [0m] Found device 82540EM Gigabit Ethern...r (PRO/1000 MT Desktop Adapter).
[[0;32m  OK  [0m] Listening on Load/Save RF Kill Switch Status /dev/rfkill Watch.
[   31.781032] cloud-init[456]: Cloud-init v. 18.2 running 'init-local' at Thu, 10 May 2018 17:10:33 +0000. Up 31.19 seconds.
[[0;32m  OK  [0m] Started Initial cloud-init job (pre-networking).
[[0;32m  OK  [0m] Reached target Network (Pre).
[[0;32m  OK  [0m] Started ifup for enp0s8.
         Starting Raise network interfaces...
[[0;32m  OK  [0m] Started ifup for enp0s3.
[[0;32m  OK  [0m] Started Raise network interfaces.
[[0;32m  OK  [0m] Reached target Network.
         Starting Initial cloud-init job (metadata service crawler)...
[   33.289442] cloud-init[1043]: Cloud-init v. 18.2 running 'init' at Thu, 10 May 2018 17:10:34 +0000. Up 32.71 seconds.
[   33.427188] [cloud-init[0;32m  OK  [0m[1043]: ] ci-info: ++++++++++++++++++++++++++++++++++++++Net device info++++++++++++++++++++++++++++++++++++++Started Initial cloud-init job (metadata service crawler).

[   33.428033] cloud-init[1043]: ci-info: +--------+------+-----------------------------+---------------+-------+-------------------+
[   33.577333] [cloud-init[0;32m  OK  [0m[1043]: ] ci-info: | Device |  Up  |           Address           |      Mask     | Scope |     Hw-Address    |Reached target Network is Online.

[   33.578677] cloud-init[1043]: ci-info: +--------+------+-----------------------------+---------------+-------+-------------------+
[   33.747282] cloud-init[1043]:          ci-info: | enp0s3 | True |          10.0.2.15          | 255.255.255.0 |   .   | 02:24:97:69:54:5f |Starting iSCSI initiator daemon (iscsid)...

[   33.748373] [cloud-init[0;32m  OK  [0m[1043]: ] ci-info: | enp0s3 | True |  fe80::24:97ff:fe69:545f/64 |       .       |  link | 02:24:97:69:54:5f |Reached target System Initialization.

[   33.782316] cloud-init[1043]: ci-info: | enp0s8 | True |        192.168.55.56        | 255.255.255.0 |   .   | 08:00:27:69:ce:4f |
[[0;32m  OK  [0m] Listening on UUID daemon activation socket.
[   33.934599] cloud-init[1043]: ci-info: | enp0s8 | True | fe80::a00:27ff:fe69:ce4f/64 |       .       |  link | 08:00:27:69:ce:4f |
[   34.200015] cloud-init[1043]: ci-info: |   lo   | True |          127.0.0.1          |   255.0.0.0   |   .   |         .         |
         Starting LXD - unix socket.
[   34.213058] cloud-init[1043]: ci-info: |   lo   | True |           ::1/128           |       .       |  host |         .         |
[[0;32m  OK  [0m] Listening on ACPID Listen Socket.
[   34.268808] [cloud-init[0;32m  OK  [0m[1043]: ] ci-info: +--------+------+-----------------------------+---------------+-------+-------------------+Listening on D-Bus System Message Bus Socket.

[   34.346159]          cloud-initStarting Socket activation for snappy daemon.[1043]: 
ci-info: ++++++++++++++++++++++++++++Route IPv4 info++++++++++++++++++++++++++++
[   34.645157] [cloud-init[0;32m  OK  [0m[1043]: ] ci-info: +-------+--------------+----------+---------------+-----------+-------+Started ACPI Events Check.

[   34.670139] [cloud-init[0;32m  OK  [0m[1043]: ] ci-info: | Route | Destination  | Gateway  |    Genmask    | Interface | Flags |Reached target Paths.

[   34.671152] cloud-init[1043]: ci-info: +-------+--------------+----------+---------------+-----------+-------+
[   34.868922] [cloud-init[0;32m  OK  [0m[1043]: ] ci-info: |   0   |   0.0.0.0    | 10.0.2.2 |    0.0.0.0    |   enp0s3  |   UG  |Started Daily apt download activities.

[   34.870775] [[0;32m  OK  [0m] Started Daily apt upgrade and clean activities.
cloud-init[1043]: ci-info: |   1   |   10.0.2.0   | 0.0.0.0  | 255.255.255.0 |   enp0s3  |   U   |
[   35.123386] cloud-init[1043]: ci-info: |   2   | 192.168.55.0 | 0.0.0.0  | 255.255.255.0 |   enp0s8  |   U   |
[   35.228745] cloud-init[1043]: ci-info: +-------+--------------+----------+---------------+-----------+-------+
[[0;32m  OK  [0m] Started Daily Cleanup of Temporary Directories.
[[0;32m  OK  [0m] Reached target Timers.
[[0;32m  OK  [0m] Reached target Cloud-config availability.
[[0;32m  OK  [0m] Listening on LXD - unix socket.
[[0;32m  OK  [0m] Listening on Socket activation for snappy daemon.
[[0;32m  OK  [0m] Started iSCSI initiator daemon (iscsid).
         Starting Login to default iSCSI targets...
[[0;32m  OK  [0m] Reached target Sockets.
[[0;32m  OK  [0m] Reached target Basic System.
         Starting System Logging Service...
[[0;32m  OK  [0m] Started Deferred execution scheduler.
         Starting Apply the settings specified in cloud-config...
[[0;32m  OK  [0m] Started FUSE filesystem for LXC.
[[0;32m  OK  [0m] Started Regular background program processing daemon.
         Starting /etc/rc.local Compatibility...
         Starting Snappy daemon...
         Starting PostgreSQL Cluster 9.5-main...
         Starting Login Service...
[[0;32m  OK  [0m] Started Unattended Upgrades Shutdown.
         Starting Advanced key-value store...
         Starting LSB: MD monitoring daemon...
         Starting LSB: Record successful boot for GRUB...
         Starting OpenBSD Secure Shell server...
         Starting vboxadd.service...
         Starting LXD - container startup/shutdown...
[[0;32m  OK  [0m] Started D-Bus System Message Bus.
         Starting Accounts Service...
[[0;32m  OK  [0m] Started ACPI event daemon.
[[0;32m  OK  [0m] Started System Logging Service.
[[0;32m  OK  [0m] Started Snappy daemon.
[[0;32m  OK  [0m] Started OpenBSD Secure Shell server.
[[0;32m  OK  [0m] Started /etc/rc.local Compatibility.
[[0;32m  OK  [0m] Started LXD - container startup/shutdown.
[[0;32m  OK  [0m] Started Login to default iSCSI targets.
[[0;32m  OK  [0m] Started Advanced key-value store.
[[0;32m  OK  [0m] Started LSB: Record successful boot for GRUB.
[[0;32m  OK  [0m] Started LSB: MD monitoring daemon.
         Starting Authenticate and Authorize Users to Run Privileged Tasks...
[[0;32m  OK  [0m] Reached target Remote File Systems (Pre).
[[0;32m  OK  [0m] Reached target Remote File Systems.
         Starting LSB: Set the CPU Frequency Scaling governor to "ondemand"...
         Starting LSB: daemon to balance interrupts for SMP systems...
         Starting LSB: automatic crash report generation...
         Starting Permit User Sessions...
         Starting LSB: Start/stop sysstat's sadc...
[[0;32m  OK  [0m] Started vboxadd.service.
[[0;32m  OK  [0m] Started Permit User Sessions.
[[0;32m  OK  [0m] Started Login Service.
[[0;32m  OK  [0m] Started Authenticate and Authorize Users to Run Privileged Tasks.
[[0;32m  OK  [0m] Started Accounts Service.
         Starting Terminate Plymouth Boot Screen...
         Starting Hold until boot process finishes up...
         Starting vboxadd-service.service...
[[0;32m  OK  [0m] Started LSB: Set the CPU Frequency Scaling governor to "ondemand".
[[0;32m  OK  [0m] Started LSB: daemon to balance interrupts for SMP systems.
[   38.421499] cloud-init[1107]: Cloud-init v. 18.2 running 'modules:config' at Thu, 10 May 2018 17:10:39 +0000. Up 37.77 seconds.
[[0;32m  OK  [0m] Started LSB: automatic crash report generation.
[[0;32m  OK  [0m] Started Apply the settings specified in cloud-config.
[[0;32m  OK  [0m] Started LSB: Start/stop sysstat's sadc.
[[0;32m  OK  [0m] Started Terminate Plymouth Boot Screen.
[[0;32m  OK  [0m] Started Hold until boot process finishes up.
[[0;32m  OK  [0m] Started vboxadd-service.service.
[[0;32m  OK  [0m] Created slice User Slice of vagrant.
         Starting User Manager for UID 1000...
[[0;32m  OK  [0m] Started Session 1 of user vagrant.
         Starting Set console scheme...
[[0;32m  OK  [0m] Started Getty on tty1.
[[0;32m  OK  [0m] Started Serial Getty on ttyS0.
[[0;32m  OK  [0m] Reached target Login Prompts.
[[0;32m  OK  [0m] Started User Manager for UID 1000.
[[0;32m  OK  [0m] Started Set console scheme.
[[0;32m  OK  [0m] Started PostgreSQL Cluster 9.5-main.
         Starting PostgreSQL RDBMS...
[[0;32m  OK  [0m] Started PostgreSQL RDBMS.
[[0;32m  OK  [0m] Reached target Multi-User System.
[[0;32m  OK  [0m] Reached target Graphical Interface.
         Starting Update UTMP about System Runlevel Changes...
         Starting Execute cloud user/final scripts...
[[0;32m  OK  [0m] Started Update UTMP about System Runlevel Changes.
[   40.640301] cloud-init[1411]: Cloud-init v. 18.2 running 'modules:final' at Thu, 10 May 2018 17:10:42 +0000. Up 40.39 seconds.
[   40.752705] cloud-init[1411]: Cloud-init v. 18.2 finished at Thu, 10 May 2018 17:10:42 +0000. Datasource DataSourceNoCloud [seed=/dev/sdb][dsmode=net].  Up 40.62 seconds
[[0;32m  OK  [0m] Started Execute cloud user/final scripts.
[[0;32m  OK  [0m] Reached target Cloud-init target.

Ubuntu 16.04.4 LTS ubuntu-xenial ttyS0

ubuntu-xenial login: 